  [1m[35m (0.0ms)[0m  [1m[34mSELECT sqlite_version(*)[0m
  [1m[35m (1.6ms)[0m  [1m[35mCREATE TABLE "schema_migrations" ("version" varchar NOT NULL PRIMARY KEY)[0m
  [1m[35m (0.9ms)[0m  [1m[35mCREATE TABLE "ar_internal_metadata" ("key" varchar NOT NULL PRIMARY KEY, "value" varchar, "created_at" datetime NOT NULL, "updated_at" datetime NOT NULL)[0m
  [1m[35m (0.1ms)[0m  [1m[34mSELECT "schema_migrations"."version" FROM "schema_migrations" ORDER BY "schema_migrations"."version" ASC[0m
Migrating to CreateUsers (20180124172525)
  [1m[35m (0.0ms)[0m  [1m[36mbegin transaction[0m
  [1m[35m (0.3ms)[0m  [1m[35mCREATE TABLE "users" ("id" INTEGER PRIMARY KEY AUTOINCREMENT NOT NULL, "email" varchar, "name" varchar, "avatar_url" varchar, "created_at" datetime NOT NULL, "updated_at" datetime NOT NULL)[0m
  [1m[35mSQL (0.1ms)[0m  [1m[32mINSERT INTO "schema_migrations" ("version") VALUES (?)[0m  [["version", "20180124172525"]]
  [1m[35m (0.6ms)[0m  [1m[36mcommit transaction[0m
Migrating to CreateTips (20180124172950)
  [1m[35m (0.0ms)[0m  [1m[36mbegin transaction[0m
  [1m[35m (0.3ms)[0m  [1m[35mCREATE TABLE "tips" ("id" INTEGER PRIMARY KEY AUTOINCREMENT NOT NULL, "title" varchar, "body" varchar, "user_id" integer, "created_at" datetime NOT NULL, "updated_at" datetime NOT NULL, CONSTRAINT "fk_rails_dd8c7c0d4f"
FOREIGN KEY ("user_id")
  REFERENCES "users" ("id")
)[0m
  [1m[35m (0.1ms)[0m  [1m[35mCREATE  INDEX "index_tips_on_user_id" ON "tips" ("user_id")[0m
  [1m[35mSQL (0.1ms)[0m  [1m[32mINSERT INTO "schema_migrations" ("version") VALUES (?)[0m  [["version", "20180124172950"]]
  [1m[35m (0.6ms)[0m  [1m[36mcommit transaction[0m
Migrating to CreateComments (20180124173831)
  [1m[35m (0.0ms)[0m  [1m[36mbegin transaction[0m
  [1m[35m (0.3ms)[0m  [1m[35mCREATE TABLE "comments" ("id" INTEGER PRIMARY KEY AUTOINCREMENT NOT NULL, "body" varchar, "user_id" integer, "tip_id" integer, "created_at" datetime NOT NULL, "updated_at" datetime NOT NULL, CONSTRAINT "fk_rails_03de2dc08c"
FOREIGN KEY ("user_id")
  REFERENCES "users" ("id")
, CONSTRAINT "fk_rails_b23eaaf136"
FOREIGN KEY ("tip_id")
  REFERENCES "tips" ("id")
)[0m
  [1m[35m (0.1ms)[0m  [1m[35mCREATE  INDEX "index_comments_on_user_id" ON "comments" ("user_id")[0m
  [1m[35m (0.0ms)[0m  [1m[34m            SELECT sql
            FROM sqlite_master
            WHERE name='index_comments_on_user_id' AND type='index'
            UNION ALL
            SELECT sql
            FROM sqlite_temp_master
            WHERE name='index_comments_on_user_id' AND type='index'
[0m
  [1m[35m (0.1ms)[0m  [1m[35mCREATE  INDEX "index_comments_on_tip_id" ON "comments" ("tip_id")[0m
  [1m[35mSQL (0.1ms)[0m  [1m[32mINSERT INTO "schema_migrations" ("version") VALUES (?)[0m  [["version", "20180124173831"]]
  [1m[35m (0.7ms)[0m  [1m[36mcommit transaction[0m
Migrating to CreateJoinTableTipUser (20180125102303)
  [1m[35m (0.1ms)[0m  [1m[36mbegin transaction[0m
  [1m[35m (0.5ms)[0m  [1m[35mCREATE TABLE "tips_users" ("tip_id" integer NOT NULL, "user_id" integer NOT NULL)[0m
  [1m[35mSQL (0.2ms)[0m  [1m[32mINSERT INTO "schema_migrations" ("version") VALUES (?)[0m  [["version", "20180125102303"]]
  [1m[35m (0.7ms)[0m  [1m[36mcommit transaction[0m
  [1m[36mActiveRecord::InternalMetadata Load (0.2ms)[0m  [1m[34mSELECT  "ar_internal_metadata".* FROM "ar_internal_metadata" WHERE "ar_internal_metadata"."key" = ? LIMIT ?[0m  [["key", "environment"], ["LIMIT", 1]]
  [1m[35m (0.0ms)[0m  [1m[36mbegin transaction[0m
  [1m[35mSQL (0.3ms)[0m  [1m[32mINSERT INTO "ar_internal_metadata" ("key", "value", "created_at", "updated_at") VALUES (?, ?, ?, ?)[0m  [["key", "environment"], ["value", "development"], ["created_at", "2020-11-06 09:22:44.382572"], ["updated_at", "2020-11-06 09:22:44.382572"]]
  [1m[35m (0.6ms)[0m  [1m[36mcommit transaction[0m
  [1m[35m (0.1ms)[0m  [1m[34mSELECT "schema_migrations"."version" FROM "schema_migrations" ORDER BY "schema_migrations"."version" ASC[0m
  [1m[35m (0.1ms)[0m  [1m[34m            SELECT sql
            FROM sqlite_master
            WHERE name='index_comments_on_tip_id' AND type='index'
            UNION ALL
            SELECT sql
            FROM sqlite_temp_master
            WHERE name='index_comments_on_tip_id' AND type='index'
[0m
  [1m[35m (0.1ms)[0m  [1m[34m            SELECT sql
            FROM sqlite_master
            WHERE name='index_comments_on_user_id' AND type='index'
            UNION ALL
            SELECT sql
            FROM sqlite_temp_master
            WHERE name='index_comments_on_user_id' AND type='index'
[0m
  [1m[35m (0.1ms)[0m  [1m[34m            SELECT sql
            FROM sqlite_master
            WHERE name='index_tips_on_user_id' AND type='index'
            UNION ALL
            SELECT sql
            FROM sqlite_temp_master
            WHERE name='index_tips_on_user_id' AND type='index'
[0m
  [1m[35m (0.1ms)[0m  [1m[34mSELECT "schema_migrations"."version" FROM "schema_migrations" ORDER BY "schema_migrations"."version" ASC[0m
  [1m[35m (0.0ms)[0m  [1m[36mbegin transaction[0m
  [1m[36mUser Exists (0.1ms)[0m  [1m[34mSELECT  1 AS one FROM "users" WHERE "users"."email" = ? LIMIT ?[0m  [["email", "florian@extensionschool.ch"], ["LIMIT", 1]]
  [1m[35mSQL (0.3ms)[0m  [1m[32mINSERT INTO "users" ("email", "name", "created_at", "updated_at") VALUES (?, ?, ?, ?)[0m  [["email", "florian@extensionschool.ch"], ["name", "Florian"], ["created_at", "2020-11-06 09:22:54.364260"], ["updated_at", "2020-11-06 09:22:54.364260"]]
  [1m[35m (1.6ms)[0m  [1m[36mcommit transaction[0m
  [1m[35m (0.1ms)[0m  [1m[36mbegin transaction[0m
  [1m[36mUser Exists (0.2ms)[0m  [1m[34mSELECT  1 AS one FROM "users" WHERE "users"."email" = ? LIMIT ?[0m  [["email", "sara@extensionschool.ch"], ["LIMIT", 1]]
  [1m[35mSQL (0.5ms)[0m  [1m[32mINSERT INTO "users" ("email", "name", "created_at", "updated_at") VALUES (?, ?, ?, ?)[0m  [["email", "sara@extensionschool.ch"], ["name", "Sara"], ["created_at", "2020-11-06 09:22:54.368596"], ["updated_at", "2020-11-06 09:22:54.368596"]]
  [1m[35m (0.9ms)[0m  [1m[36mcommit transaction[0m
  [1m[35m (0.1ms)[0m  [1m[36mbegin transaction[0m
  [1m[36mUser Exists (0.2ms)[0m  [1m[34mSELECT  1 AS one FROM "users" WHERE "users"."email" = ? LIMIT ?[0m  [["email", "linda@extensionschool.ch"], ["LIMIT", 1]]
  [1m[35mSQL (0.4ms)[0m  [1m[32mINSERT INTO "users" ("email", "name", "created_at", "updated_at") VALUES (?, ?, ?, ?)[0m  [["email", "linda@extensionschool.ch"], ["name", "Linda"], ["created_at", "2020-11-06 09:22:54.371924"], ["updated_at", "2020-11-06 09:22:54.371924"]]
  [1m[35m (0.9ms)[0m  [1m[36mcommit transaction[0m
  [1m[35m (0.0ms)[0m  [1m[36mbegin transaction[0m
  [1m[35mSQL (0.3ms)[0m  [1m[32mINSERT INTO "tips" ("title", "body", "user_id", "created_at", "updated_at") VALUES (?, ?, ?, ?, ?)[0m  [["title", "Use #name on a class in Ruby"], ["body", "Using Class.name returns a String representing the name of a class!  E.g. Integer.name returns \"Integer\" and ApplicationController.name returns \"ApplicationController\""], ["user_id", 1], ["created_at", "2020-11-06 09:22:54.383863"], ["updated_at", "2020-11-06 09:22:54.383863"]]
  [1m[35m (0.9ms)[0m  [1m[36mcommit transaction[0m
  [1m[35m (0.0ms)[0m  [1m[36mbegin transaction[0m
  [1m[35mSQL (0.4ms)[0m  [1m[32mINSERT INTO "tips" ("title", "body", "user_id", "created_at", "updated_at") VALUES (?, ?, ?, ?, ?)[0m  [["title", "Getting a substring in Ruby"], ["body", "Use String#[start,length] to return the substring of a String, e.g. \"Hello, world\"[7,5] => \"world\""], ["user_id", 1], ["created_at", "2020-11-06 09:22:54.386312"], ["updated_at", "2020-11-06 09:22:54.386312"]]
  [1m[35m (0.7ms)[0m  [1m[36mcommit transaction[0m
  [1m[35m (0.0ms)[0m  [1m[36mbegin transaction[0m
  [1m[35mSQL (0.4ms)[0m  [1m[32mINSERT INTO "tips" ("title", "body", "user_id", "created_at", "updated_at") VALUES (?, ?, ?, ?, ?)[0m  [["title", "Going backwards in an Array"], ["body", "It's possible to use negative numbers as backwards indexes in Arrays e.g. [1,2,3,4][-1] => 4"], ["user_id", 1], ["created_at", "2020-11-06 09:22:54.388545"], ["updated_at", "2020-11-06 09:22:54.388545"]]
  [1m[35m (0.7ms)[0m  [1m[36mcommit transaction[0m
  [1m[35m (0.0ms)[0m  [1m[36mbegin transaction[0m
  [1m[35mSQL (0.4ms)[0m  [1m[32mINSERT INTO "tips" ("title", "body", "user_id", "created_at", "updated_at") VALUES (?, ?, ?, ?, ?)[0m  [["title", "Using ERB in CSS and Sass files"], ["body", "Did you know that you can define CSS assets as ERB files, just like .html.erb and .js.erb views?  By using .scss.erb as the extension of a file, the asset pipeline will first process the file as ERB and evaluate Ruby expressions.  Then it will treat the file as Sass and compile it to CSS!"], ["user_id", 2], ["created_at", "2020-11-06 09:22:54.390646"], ["updated_at", "2020-11-06 09:22:54.390646"]]
  [1m[35m (0.7ms)[0m  [1m[36mcommit transaction[0m
  [1m[35m (0.0ms)[0m  [1m[36mbegin transaction[0m
  [1m[35mSQL (0.3ms)[0m  [1m[32mINSERT INTO "tips" ("title", "body", "user_id", "created_at", "updated_at") VALUES (?, ?, ?, ?, ?)[0m  [["title", "Substitute a value in a String"], ["body", "String#gsub can be used to replace any substring with another substring in a String, e.g. 'Learn about :language'.gsub(':language', 'JavaScript') => \"Learn about JavaScript\""], ["user_id", 2], ["created_at", "2020-11-06 09:22:54.392641"], ["updated_at", "2020-11-06 09:22:54.392641"]]
  [1m[35m (0.6ms)[0m  [1m[36mcommit transaction[0m
  [1m[35m (0.0ms)[0m  [1m[36mbegin transaction[0m
  [1m[35mSQL (0.3ms)[0m  [1m[32mINSERT INTO "tips" ("title", "body", "user_id", "created_at", "updated_at") VALUES (?, ?, ?, ?, ?)[0m  [["title", "Multi-line Strings using %Q"], ["body", "It's possible to create a String on multiple lines using %Q( ... ).\n\nBy defining the String in %Q, a String can span several lines.\n\nThis is just basic \"newline\" markers and won't convert to new lines in HTML, which needs the use\nof <br /> or more appropriate markup."], ["user_id", 2], ["created_at", "2020-11-06 09:22:54.394427"], ["updated_at", "2020-11-06 09:22:54.394427"]]
  [1m[35m (0.7ms)[0m  [1m[36mcommit transaction[0m
  [1m[35m (0.0ms)[0m  [1m[36mbegin transaction[0m
  [1m[35mSQL (0.3ms)[0m  [1m[32mINSERT INTO "tips" ("title", "body", "user_id", "created_at", "updated_at") VALUES (?, ?, ?, ?, ?)[0m  [["title", "Using underscores in numbers"], ["body", "It's pretty cool that underscores can be used to define numbers in Ruby, such as 16_453 or 12_345_678.  It can make big numbers much more readable!"], ["user_id", 2], ["created_at", "2020-11-06 09:22:54.396257"], ["updated_at", "2020-11-06 09:22:54.396257"]]
  [1m[35m (0.7ms)[0m  [1m[36mcommit transaction[0m
  [1m[35m (0.0ms)[0m  [1m[36mbegin transaction[0m
  [1m[35mSQL (0.3ms)[0m  [1m[32mINSERT INTO "tips" ("title", "body", "user_id", "created_at", "updated_at") VALUES (?, ?, ?, ?, ?)[0m  [["title", "Calculate a number to a power"], ["body", "Use ** to calculate the number to a particular power, e.g. 2**5 => 32"], ["user_id", 2], ["created_at", "2020-11-06 09:22:54.398069"], ["updated_at", "2020-11-06 09:22:54.398069"]]
  [1m[35m (0.6ms)[0m  [1m[36mcommit transaction[0m
  [1m[35m (0.0ms)[0m  [1m[36mbegin transaction[0m
  [1m[35mSQL (0.3ms)[0m  [1m[32mINSERT INTO "tips" ("title", "body", "user_id", "created_at", "updated_at") VALUES (?, ?, ?, ?, ?)[0m  [["title", "Using rails:secret"], ["body", "Use rails:secret to generate a long secret key for any purpose, not just for a value to use as SECRET_KEY_BASE."], ["user_id", 3], ["created_at", "2020-11-06 09:22:54.399705"], ["updated_at", "2020-11-06 09:22:54.399705"]]
  [1m[35m (0.5ms)[0m  [1m[36mcommit transaction[0m
  [1m[35m (0.0ms)[0m  [1m[36mbegin transaction[0m
  [1m[35mSQL (0.3ms)[0m  [1m[32mINSERT INTO "tips" ("title", "body", "user_id", "created_at", "updated_at") VALUES (?, ?, ?, ?, ?)[0m  [["title", "Try using grep with log files"], ["body", "grep is a terminal program that can be used to search log files for a particular pattern.  It takes a search term as a regular expression and is therefore very powerful.  Learning about regular expressions is very useful for other tasks as well; they are often used in Rails model validations, route definitions and in JavaScript"], ["user_id", 3], ["created_at", "2020-11-06 09:22:54.401266"], ["updated_at", "2020-11-06 09:22:54.401266"]]
  [1m[35m (0.7ms)[0m  [1m[36mcommit transaction[0m
  [1m[35m (0.0ms)[0m  [1m[36mbegin transaction[0m
  [1m[35mSQL (0.3ms)[0m  [1m[32mINSERT INTO "tips" ("title", "body", "user_id", "created_at", "updated_at") VALUES (?, ?, ?, ?, ?)[0m  [["title", "Organize CSS rules in Sass files well"], ["body", "It's worth taking the time to organize CSS rules in various Sass files, keeping related rules together.  It helps someone new to a project know where to look for particular rules."], ["user_id", 3], ["created_at", "2020-11-06 09:22:54.403017"], ["updated_at", "2020-11-06 09:22:54.403017"]]
  [1m[35m (0.6ms)[0m  [1m[36mcommit transaction[0m
  [1m[35m (0.0ms)[0m  [1m[36mbegin transaction[0m
  [1m[35mSQL (0.3ms)[0m  [1m[32mINSERT INTO "tips" ("title", "body", "user_id", "created_at", "updated_at") VALUES (?, ?, ?, ?, ?)[0m  [["title", "Just experiment!"], ["body", "The great thing about writing software is that it's easy to try things out and change them before submitting it for a production deployment.  I've found that taking a break and coming back to a difficult programming problem really helps too."], ["user_id", 3], ["created_at", "2020-11-06 09:22:54.404630"], ["updated_at", "2020-11-06 09:22:54.404630"]]
  [1m[35m (0.7ms)[0m  [1m[36mcommit transaction[0m
Started GET "/" for 127.0.0.1 at 2020-11-06 10:23:37 +0100
  [1m[35m (0.1ms)[0m  [1m[34mSELECT "schema_migrations"."version" FROM "schema_migrations" ORDER BY "schema_migrations"."version" ASC[0m
Processing by HomeController#index as HTML
  Rendering home/index.html.erb within layouts/application
  [1m[36mTip Load (0.2ms)[0m  [1m[34mSELECT  "tips".* FROM "tips" ORDER BY "tips"."updated_at" DESC LIMIT ?[0m  [["LIMIT", 4]]
  [1m[36mUser Load (0.1ms)[0m  [1m[34mSELECT  "users".* FROM "users" WHERE "users"."id" = ? LIMIT ?[0m  [["id", 3], ["LIMIT", 1]]
  Rendered application/_user_link.html.erb (0.6ms)
  [1m[35m (0.1ms)[0m  [1m[34mSELECT COUNT(*) FROM "comments" WHERE "comments"."tip_id" = ?[0m  [["tip_id", 12]]
  Rendered application/_tip_card.html.erb (30.2ms)
  [1m[36mUser Load (0.1ms)[0m  [1m[34mSELECT  "users".* FROM "users" WHERE "users"."id" = ? LIMIT ?[0m  [["id", 3], ["LIMIT", 1]]
  Rendered application/_user_link.html.erb (0.2ms)
  [1m[35m (0.2ms)[0m  [1m[34mSELECT COUNT(*) FROM "comments" WHERE "comments"."tip_id" = ?[0m  [["tip_id", 11]]
  Rendered application/_tip_card.html.erb (2.9ms)
  [1m[36mUser Load (0.2ms)[0m  [1m[34mSELECT  "users".* FROM "users" WHERE "users"."id" = ? LIMIT ?[0m  [["id", 3], ["LIMIT", 1]]
  Rendered application/_user_link.html.erb (0.2ms)
  [1m[35m (0.2ms)[0m  [1m[34mSELECT COUNT(*) FROM "comments" WHERE "comments"."tip_id" = ?[0m  [["tip_id", 10]]
  Rendered application/_tip_card.html.erb (3.7ms)
  [1m[36mUser Load (0.2ms)[0m  [1m[34mSELECT  "users".* FROM "users" WHERE "users"."id" = ? LIMIT ?[0m  [["id", 3], ["LIMIT", 1]]
  Rendered application/_user_link.html.erb (0.2ms)
  [1m[35m (0.2ms)[0m  [1m[34mSELECT COUNT(*) FROM "comments" WHERE "comments"."tip_id" = ?[0m  [["tip_id", 9]]
  Rendered application/_tip_card.html.erb (4.4ms)
  Rendered home/index.html.erb within layouts/application (51.7ms)
  Rendered application/_anonymous_user_header.html.erb (0.3ms)
  Rendered application/_header.html.erb (1.5ms)
  Rendered application/_footer.html.erb (0.3ms)
Completed 200 OK in 2526ms (Views: 2509.0ms | ActiveRecord: 2.6ms)


